INFO - 2025-11-13 05:47:06 --> Session: Class initialized using 'CodeIgniter\Session\Handlers\FileHandler' driver.
INFO - 2025-11-13 05:47:08 --> Session: Class initialized using 'CodeIgniter\Session\Handlers\FileHandler' driver.
INFO - 2025-11-13 05:49:43 --> Session: Class initialized using 'CodeIgniter\Session\Handlers\FileHandler' driver.
INFO - 2025-11-13 05:51:55 --> Session: Class initialized using 'CodeIgniter\Session\Handlers\FileHandler' driver.
DEBUG - 2025-11-13 05:52:41 --> Payload cadastrar: {"tipo_pessoa":"juridica","tipo_pessoa_rj":"simples_nacional","status":"ativo","data_baixa":"","codigo":"1180","inscricao_municipal":"","cpf_cnpj":"00.623.904\/0001-73","razao_social":"PEDRO LUCAS DA SILVA SANTOS","nome_fantasia":"PEDRO LUCAS DA SILVA SANTOS","inscricao_estadual":"","endereco":"JOSE CAMILO FIALHO","numero":"64","complemento":"","bairro":"SILVESTRE","cidade":"VI\u00c7OSA","cep":"36576344","telefone1":"","telefone2":"","email":"","estado_civil":"","atividade_data":"","cnae_principal":"pre_0","atividades":[],"cnaes":[{"numero":"36576344","nome":"PEDRO LUCAS DA SILVA SANTOS","tipo":"primario","novo":false}]}
DEBUG - 2025-11-13 05:53:14 --> Payload cadastrar: {"tipo_pessoa":"fisica","tipo_pessoa_rj":"","status":"ativo","data_baixa":"","codigo":"1182","inscricao_municipal":"","cpf_cnpj":"042.173.866-99","razao_social":"PEDRO LUCAS DA SILVA SANTOS","nome_fantasia":"PEDRO LUCAS DA SILVA SANTOS","inscricao_estadual":"","endereco":"JOSE CAMILO FIALHO","numero":"64","complemento":"","bairro":"SILVESTRE","cidade":"VI\u00c7OSA","cep":"36576344","telefone1":"","telefone2":"","email":"","estado_civil":"","atividade_data":"","atividades":[],"cnaes":[]}
INFO - 2025-11-13 05:55:28 --> Session: Class initialized using 'CodeIgniter\Session\Handlers\FileHandler' driver.
DEBUG - 2025-11-13 05:55:54 --> Payload editar id='1145' : {"tipo_pessoa":"juridica","status":"ativo","data_baixa":"","codigo":"1145","inscricao_municipal":"381154916","cpf_cnpj":"133.756.566-02","razao_social":"PEDRO LUCAS DA SILVA SANTOS","nome_fantasia":"","inscricao_estadual":"","endereco":"JOSE CAMILO FIALHO","numero":"64","complemento":"CASA 02","bairro":"SILVESTRE","cidade":"VI\u00c7OSA","estado":"MG","cep":"36576-344","telefone1":"(32) 91312-3332","telefone2":"(32) 32313-1233","email":"pedrofutebol1@hotmail.com","estado_civil":"","atividade_data":"","cnae_principal":"1","tipo_pessoa_rj":"","atividades":[],"cnaes":[{"numero":"36576344","nome":"PEDRO LUCAS DA SILVA SANTOS","tipo":"primario","novo":false}],"id":"1145"}
INFO - 2025-11-13 06:02:18 --> Session: Class initialized using 'CodeIgniter\Session\Handlers\FileHandler' driver.
INFO - 2025-11-13 06:02:24 --> Session: Class initialized using 'CodeIgniter\Session\Handlers\FileHandler' driver.
INFO - 2025-11-13 06:02:25 --> Session: Class initialized using 'CodeIgniter\Session\Handlers\FileHandler' driver.
INFO - 2025-11-13 06:06:34 --> Session: Class initialized using 'CodeIgniter\Session\Handlers\FileHandler' driver.
DEBUG - 2025-11-13 06:08:36 --> Payload editar id='1145' : {"tipo_pessoa":"juridica","tipo_pessoa_rj":"","status":"ativo","data_baixa":"","codigo":"1145","inscricao_municipal":"381154916","cpf_cnpj":"133.756.566-02","razao_social":"PEDRO LUCAS DA SILVA SANTOS","nome_fantasia":"","inscricao_estadual":"","endereco":"JOSE CAMILO FIALHO","numero":"64","complemento":"CASA 02","bairro":"SILVESTRE","cidade":"VI\u00c7OSA","estado":"","cep":"36576-344","telefone1":"(32) 91312-3332","telefone2":"(32) 32313-1233","email":"pedrofutebol1@hotmail.com","estado_civil":"","atividade_data":"2025-11-13","cnae_principal":"1","atividades":[{"numero":"1","nome":"AVIADOR","atividade_id":"pre_0","data":"2025-11-13","principal":true,"tipo":"pre_cadastrada"}],"cnaes":[{"numero":"36576344","nome":"PEDRO LUCAS DA SILVA SANTOS","tipo":"primario","novo":false}],"id":"1145"}
DEBUG - 2025-11-13 06:08:36 --> Processando atividade (editar) payload: {"numero":"1","nome":"AVIADOR","atividade_id":"pre_0","data":"2025-11-13","principal":true,"tipo":"pre_cadastrada"}
DEBUG - 2025-11-13 06:08:36 --> Insert pivot (editar) result=true atividade_id=1
DEBUG - 2025-11-13 06:11:42 --> Payload editar id='1174' : {"tipo_pessoa":"juridica","tipo_pessoa_rj":"","status":"inativo","data_baixa":"2025-11-13","codigo":"1174","inscricao_municipal":"0","cpf_cnpj":"042.173.866-99","razao_social":"SIDNEY LOPES PINTO","nome_fantasia":"","inscricao_estadual":"","endereco":"RUA CARMITA PACHECO","numero":"334","complemento":"APT 203","bairro":"CENTRO","cidade":"VI\u00c7OSA","estado":"","cep":"36570-095","telefone1":"(32) 3555-1505","telefone2":"(32) 98423-2340","email":"sidneyfuturize@gmail.com","estado_civil":"","atividade_data":"","cnae_principal":"pre_0","atividades":[],"cnaes":[{"numero":"36576344","nome":"PEDRO LUCAS DA SILVA SANTOS","tipo":"primario","novo":false}],"id":"1174"}
INFO - 2025-11-13 06:11:48 --> Session: Class initialized using 'CodeIgniter\Session\Handlers\FileHandler' driver.
DEBUG - 2025-11-13 06:12:02 --> Payload editar id='1145' : {"tipo_pessoa":"juridica","tipo_pessoa_rj":"","status":"inativo","data_baixa":"2025-11-13","codigo":"1145","inscricao_municipal":"381154916","cpf_cnpj":"133.756.566-02","razao_social":"PEDRO LUCAS DA SILVA SANTOS","nome_fantasia":"","inscricao_estadual":"","endereco":"JOSE CAMILO FIALHO","numero":"64","complemento":"CASA 02","bairro":"SILVESTRE","cidade":"VI\u00c7OSA","estado":"","cep":"36576-344","telefone1":"(32) 91312-3332","telefone2":"(32) 32313-1233","email":"pedrofutebol1@hotmail.com","estado_civil":"","atividade_data":"","cnae_principal":"1","atividades":[],"cnaes":[{"numero":"36576344","nome":"PEDRO LUCAS DA SILVA SANTOS","tipo":"primario","novo":false}],"id":"1145"}
INFO - 2025-11-13 06:12:06 --> Session: Class initialized using 'CodeIgniter\Session\Handlers\FileHandler' driver.
DEBUG - 2025-11-13 06:15:37 --> Payload editar id='1145' : {"tipo_pessoa":"juridica","tipo_pessoa_rj":"simples_nacional","status":"ativo","data_baixa":"","codigo":"1145","inscricao_municipal":"381154916","cpf_cnpj":"133.756.566-02","razao_social":"PEDRO LUCAS DA SILVA SANTOS","nome_fantasia":"","inscricao_estadual":"","endereco":"JOSE CAMILO FIALHO","numero":"64","complemento":"CASA 02","bairro":"SILVESTRE","cidade":"VI\u00c7OSA","estado":"","cep":"36576-344","telefone1":"(32) 91312-3332","telefone2":"(32) 32313-1233","email":"pedrofutebol1@hotmail.com","estado_civil":"","atividade_data":"","cnae_principal":"1","atividades":[],"cnaes":[{"numero":"36576344","nome":"PEDRO LUCAS DA SILVA SANTOS","tipo":"primario","novo":false}],"id":"1145"}
INFO - 2025-11-13 06:26:28 --> Session: Class initialized using 'CodeIgniter\Session\Handlers\FileHandler' driver.
DEBUG - 2025-11-13 06:27:02 --> Payload editar id='1145' : {"tipo_pessoa":"juridica","tipo_pessoa_rj":"simples_nacional","status":"ativo","data_baixa":"","codigo":"1145","inscricao_municipal":"381154916","cpf_cnpj":"133.756.566-02","razao_social":"PEDRO LUCAS DA SILVA SANTOS","nome_fantasia":"","inscricao_estadual":"","endereco":"JOSE CAMILO FIALHO","numero":"64","complemento":"CASA 02","bairro":"SILVESTRE","cidade":"VI\u00c7OSA","estado":"","cep":"36576-344","telefone1":"(32) 91312-3332","telefone2":"(32) 32313-1233","email":"pedrofutebol1@hotmail.com","estado_civil":"","atividade_data":"","cnae_principal":"1","atividades":[],"cnaes":[{"numero":"36576344","nome":"PEDRO LUCAS DA SILVA SANTOS","tipo":"primario","novo":false}],"id":"1145"}
DEBUG - 2025-11-13 06:28:15 --> Payload editar id='1145' : {"tipo_pessoa":"juridica","tipo_pessoa_rj":"outros","status":"ativo","data_baixa":"","codigo":"1145","inscricao_municipal":"381154916","cpf_cnpj":"133.756.566-02","razao_social":"PEDRO LUCAS DA SILVA SANTOS","nome_fantasia":"","inscricao_estadual":"","endereco":"JOSE CAMILO FIALHO","numero":"64","complemento":"CASA 02","bairro":"SILVESTRE","cidade":"VI\u00c7OSA","estado":"","cep":"36576-344","telefone1":"(32) 91312-3332","telefone2":"(32) 32313-1233","email":"pedrofutebol1@hotmail.com","estado_civil":"","atividade_data":"","cnae_principal":"1","atividades":[],"cnaes":[{"numero":"36576344","nome":"PEDRO LUCAS DA SILVA SANTOS","tipo":"primario","novo":false}],"id":"1145"}
DEBUG - 2025-11-13 06:28:32 --> Payload editar id='1174' : {"tipo_pessoa":"juridica","tipo_pessoa_rj":"mei","status":"ativo","data_baixa":"","codigo":"1174","inscricao_municipal":"0","cpf_cnpj":"042.173.866-99","razao_social":"SIDNEY LOPES PINTO","nome_fantasia":"","inscricao_estadual":"","endereco":"RUA CARMITA PACHECO","numero":"334","complemento":"APT 203","bairro":"CENTRO","cidade":"VI\u00c7OSA","estado":"","cep":"36570-095","telefone1":"(32) 3555-1505","telefone2":"(32) 98423-2340","email":"sidneyfuturize@gmail.com","estado_civil":"","atividade_data":"","cnae_principal":"1","atividades":[],"cnaes":[{"numero":"36576344","nome":"PEDRO LUCAS DA SILVA SANTOS","tipo":"primario","novo":false}],"id":"1174"}
DEBUG - 2025-11-13 06:28:49 --> Payload cadastrar: {"tipo_pessoa":"fisica","tipo_pessoa_rj":"","status":"ativo","data_baixa":"","codigo":"1186","inscricao_municipal":"0381154916","cpf_cnpj":"632.829.846-34","razao_social":"PEDRO LUCAS DA SILVA SANTOS","nome_fantasia":"PEDRO LUCAS DA SILVA SANTOS","inscricao_estadual":"","endereco":"JOSE CAMILO FIALHO","numero":"64","complemento":"","bairro":"SILVESTRE","cidade":"VI\u00c7OSA","estado":"MG","cep":"36576344","telefone1":"","telefone2":"","email":"","estado_civil":"","atividade_data":"","cnae_principal":"pre_0","atividades":[],"cnaes":[{"numero":"36576344","nome":"PEDRO LUCAS DA SILVA SANTOS","tipo":"primario","novo":false}]}
INFO - 2025-11-13 06:31:13 --> Session: Class initialized using 'CodeIgniter\Session\Handlers\FileHandler' driver.
INFO - 2025-11-13 20:59:04 --> Session: Class initialized using 'CodeIgniter\Session\Handlers\FileHandler' driver.
INFO - 2025-11-13 20:59:06 --> Session: Class initialized using 'CodeIgniter\Session\Handlers\FileHandler' driver.
DEBUG - 2025-11-13 21:00:58 --> Payload cadastrar: {"tipo_pessoa":"fisica","tipo_pessoa_rj":"","status":"ativo","data_baixa":"","codigo":"1187","inscricao_municipal":"","cpf_cnpj":"14235583670","razao_social":"HIGOR LOPES GARCIA DA COSTA","nome_fantasia":"","inscricao_estadual":"","endereco":"AV MARIA DE CASTRO SILVA","numero":"429","complemento":"FUNDOS","bairro":"VALE DO SOL","cidade":"","estado":"MG","cep":"36574162","telefone1":"","telefone2":"","email":"","estado_civil":"solteiro","atividade_data":"","atividades":[],"cnaes":[]}
DEBUG - 2025-11-13 21:01:21 --> Payload cadastrar: {"tipo_pessoa":"fisica","tipo_pessoa_rj":"","status":"ativo","data_baixa":"","codigo":"1187","inscricao_municipal":"","cpf_cnpj":"14235583670","razao_social":"HIGOR LOPES GARCIA DA COSTA","nome_fantasia":"","inscricao_estadual":"","endereco":"AV MARIA DE CASTRO SILVA","numero":"429","complemento":"FUNDOS","bairro":"VALE DO SOL","cidade":"VI\u00c7OSA","estado":"MG","cep":"36574162","telefone1":"","telefone2":"","email":"","estado_civil":"solteiro","atividade_data":"","atividades":[],"cnaes":[]}
INFO - 2025-11-13 21:07:43 --> Session: Class initialized using 'CodeIgniter\Session\Handlers\FileHandler' driver.
INFO - 2025-11-13 21:07:52 --> Session: Class initialized using 'CodeIgniter\Session\Handlers\FileHandler' driver.
INFO - 2025-11-13 21:09:00 --> Session: Class initialized using 'CodeIgniter\Session\Handlers\FileHandler' driver.
INFO - 2025-11-13 21:09:01 --> Session: Class initialized using 'CodeIgniter\Session\Handlers\FileHandler' driver.
INFO - 2025-11-13 21:09:07 --> Session: Class initialized using 'CodeIgniter\Session\Handlers\FileHandler' driver.
INFO - 2025-11-13 21:09:25 --> Session: Class initialized using 'CodeIgniter\Session\Handlers\FileHandler' driver.
INFO - 2025-11-13 21:09:55 --> Session: Class initialized using 'CodeIgniter\Session\Handlers\FileHandler' driver.
INFO - 2025-11-13 21:10:29 --> Session: Class initialized using 'CodeIgniter\Session\Handlers\FileHandler' driver.
INFO - 2025-11-13 21:10:30 --> Session: Class initialized using 'CodeIgniter\Session\Handlers\FileHandler' driver.
INFO - 2025-11-13 21:12:44 --> Session: Class initialized using 'CodeIgniter\Session\Handlers\FileHandler' driver.
INFO - 2025-11-13 21:12:46 --> Session: Class initialized using 'CodeIgniter\Session\Handlers\FileHandler' driver.
