ERROR - 2025-11-06 05:24:19 --> mysqli_sql_exception: Table 'atividades' already exists in C:\laragon\www\futurize.STM\system\Database\MySQLi\Connection.php:295
Stack trace:
#0 C:\laragon\www\futurize.STM\system\Database\MySQLi\Connection.php(295): mysqli->query()
#1 C:\laragon\www\futurize.STM\system\Database\BaseConnection.php(691): CodeIgniter\Database\MySQLi\Connection->execute()
#2 C:\laragon\www\futurize.STM\system\Database\BaseConnection.php(605): CodeIgniter\Database\BaseConnection->simpleQuery()
#3 C:\laragon\www\futurize.STM\system\Database\Forge.php(546): CodeIgniter\Database\BaseConnection->query()
#4 C:\laragon\www\futurize.STM\app\Database\Migrations\2025-11-06-051150_CreateFuturizeDatabase.php(78): CodeIgniter\Database\Forge->createTable()
#5 C:\laragon\www\futurize.STM\system\Database\MigrationRunner.php(877): App\Database\Migrations\CreateFuturizeDatabase->up()
#6 C:\laragon\www\futurize.STM\system\Database\MigrationRunner.php(188): CodeIgniter\Database\MigrationRunner->migrate()
#7 C:\laragon\www\futurize.STM\system\Commands\Database\Migrate.php(84): CodeIgniter\Database\MigrationRunner->latest()
#8 C:\laragon\www\futurize.STM\system\CLI\Commands.php(65): CodeIgniter\Commands\Database\Migrate->run()
#9 C:\laragon\www\futurize.STM\system\CLI\Console.php(37): CodeIgniter\CLI\Commands->run()
#10 C:\laragon\www\futurize.STM\spark(97): CodeIgniter\CLI\Console->run()
#11 {main}
ERROR - 2025-11-06 05:25:39 --> Error connecting to the database: mysqli_sql_exception: Unknown database 'futurize_stm' in C:\laragon\www\futurize.STM\system\Database\MySQLi\Connection.php:173
Stack trace:
#0 C:\laragon\www\futurize.STM\system\Database\MySQLi\Connection.php(173): mysqli->real_connect()
#1 C:\laragon\www\futurize.STM\system\Database\BaseConnection.php(391): CodeIgniter\Database\MySQLi\Connection->connect()
#2 C:\laragon\www\futurize.STM\system\Database\BaseConnection.php(573): CodeIgniter\Database\BaseConnection->initialize()
#3 C:\laragon\www\futurize.STM\system\Database\BaseConnection.php(1408): CodeIgniter\Database\BaseConnection->query()
#4 C:\laragon\www\futurize.STM\system\Database\BaseConnection.php(1427): CodeIgniter\Database\BaseConnection->listTables()
#5 C:\laragon\www\futurize.STM\system\Database\MigrationRunner.php(768): CodeIgniter\Database\BaseConnection->tableExists()
#6 C:\laragon\www\futurize.STM\system\Database\MigrationRunner.php(168): CodeIgniter\Database\MigrationRunner->ensureTable()
#7 C:\laragon\www\futurize.STM\system\Commands\Database\Migrate.php(84): CodeIgniter\Database\MigrationRunner->latest()
#8 C:\laragon\www\futurize.STM\system\CLI\Commands.php(65): CodeIgniter\Commands\Database\Migrate->run()
#9 C:\laragon\www\futurize.STM\system\CLI\Console.php(37): CodeIgniter\CLI\Commands->run()
#10 C:\laragon\www\futurize.STM\spark(97): CodeIgniter\CLI\Console->run()
#11 {main}

Next CodeIgniter\Database\Exceptions\DatabaseException: Unknown database 'futurize_stm' in C:\laragon\www\futurize.STM\system\Database\MySQLi\Connection.php:218
Stack trace:
#0 C:\laragon\www\futurize.STM\system\Database\BaseConnection.php(391): CodeIgniter\Database\MySQLi\Connection->connect()
#1 C:\laragon\www\futurize.STM\system\Database\BaseConnection.php(573): CodeIgniter\Database\BaseConnection->initialize()
#2 C:\laragon\www\futurize.STM\system\Database\BaseConnection.php(1408): CodeIgniter\Database\BaseConnection->query()
#3 C:\laragon\www\futurize.STM\system\Database\BaseConnection.php(1427): CodeIgniter\Database\BaseConnection->listTables()
#4 C:\laragon\www\futurize.STM\system\Database\MigrationRunner.php(768): CodeIgniter\Database\BaseConnection->tableExists()
#5 C:\laragon\www\futurize.STM\system\Database\MigrationRunner.php(168): CodeIgniter\Database\MigrationRunner->ensureTable()
#6 C:\laragon\www\futurize.STM\system\Commands\Database\Migrate.php(84): CodeIgniter\Database\MigrationRunner->latest()
#7 C:\laragon\www\futurize.STM\system\CLI\Commands.php(65): CodeIgniter\Commands\Database\Migrate->run()
#8 C:\laragon\www\futurize.STM\system\CLI\Console.php(37): CodeIgniter\CLI\Commands->run()
#9 C:\laragon\www\futurize.STM\spark(97): CodeIgniter\CLI\Console->run()
#10 {main}
